@!@!@STARTMSG 2262:0 @!@!@
TLC2 Version 2.16 of 31 December 2020 (rev: cdddf55)
@!@!@ENDMSG 2262 @!@!@
@!@!@STARTMSG 2187:0 @!@!@
Running breadth-first search Model-Checking with fp 25 and seed -431805705084605001 with 1 worker on 4 cores with 1732MB heap and 64MB offheap memory [pid: 5349] (Linux 6.2.0-39-generic amd64, Private Build 17.0.9 x86_64, MSBDiskFPSet, DiskStateQueue).
@!@!@ENDMSG 2187 @!@!@
@!@!@STARTMSG 2220:0 @!@!@
Starting SANY...
@!@!@ENDMSG 2220 @!@!@
Parsing file /home/isaiahp/workspace/tla_workspace/two_commit/tcommit.tla

Fatal errors while parsing TLA+ spec in file tcommit

java.lang.NullPointerException: Cannot invoke "String.length()" because "str" is null
@!@!@STARTMSG 2219:0 @!@!@
SANY finished.
@!@!@ENDMSG 2219 @!@!@
@!@!@STARTMSG 2185:0 @!@!@
Starting... (2024-04-29 20:46:08)
@!@!@ENDMSG 2185 @!@!@
@!@!@STARTMSG 2171:1 @!@!@
Parsing or semantic analysis failed. Module-Table lookup failure for module name tcommit derived from tcommit file name.
@!@!@ENDMSG 2171 @!@!@
@!@!@STARTMSG 2186:0 @!@!@
Finished in 566ms at (2024-04-29 20:46:08)
@!@!@ENDMSG 2186 @!@!@
